<?xml version="1.0" encoding="UTF-8"?>
<!-- Generated by org.testng.reporters.JUnitReportReporter -->
<testsuite skipped="0" hostname="DESKTOP-0M1MH5T" name="com.qa.linkedin.testcases.SearchDDTest" tests="3" failures="0" timestamp="2020-08-18T07:11:15 IST" time="21.523" errors="0">
  <testcase name="searchPeopleTest" time="7.322" classname="com.qa.linkedin.testcases.SearchDDTest"/>
  <testcase name="searchPeopleTest" time="6.429" classname="com.qa.linkedin.testcases.SearchDDTest"/>
  <testcase name="searchPeopleTest" time="7.772" classname="com.qa.linkedin.testcases.SearchDDTest"/>
</testsuite> <!-- com.qa.linkedin.testcases.SearchDDTest -->
