<?xml version="1.0" encoding="UTF-8"?>
<!-- Generated by org.testng.reporters.JUnitReportReporter -->
<testsuite skipped="0" hostname="DESKTOP-0M1MH5T" name="com.qa.linkedin.testcases.SearchDDTest" tests="3" failures="0" timestamp="2020-08-20T07:27:21 IST" time="32.066" errors="0">
  <testcase name="searchPeopleTest" time="9.521" classname="com.qa.linkedin.testcases.SearchDDTest"/>
  <testcase name="searchPeopleTest" time="13.956" classname="com.qa.linkedin.testcases.SearchDDTest"/>
  <testcase name="searchPeopleTest" time="8.589" classname="com.qa.linkedin.testcases.SearchDDTest"/>
</testsuite> <!-- com.qa.linkedin.testcases.SearchDDTest -->
